<?xml version="1.0" encoding="UTF-8"?>
<!-- Generated by org.testng.reporters.JUnitReportReporter -->
<testsuite hostname="RGDevice" failures="0" tests="1" name="Assertions_Commands.Hard_Assertion" time="0.017" errors="0" timestamp="2023-10-27T10:36:56 IST" skipped="0">
  <testcase classname="Assertions_Commands.Hard_Assertion" name="test1" time="0.017"/>
</testsuite> <!-- Assertions_Commands.Hard_Assertion -->
