<?xml version="1.0" encoding="UTF-8"?>
<!-- Generated by org.testng.reporters.JUnitReportReporter -->
<testsuite hostname="RGDevice" failures="0" tests="2" name="TestNG_MultiBroswser.example" time="0.013" errors="0" timestamp="2023-10-22T17:56:02 IST" skipped="0">
  <testcase classname="TestNG_MultiBroswser.example" name="test2" time="0.001"/>
  <testcase classname="TestNG_MultiBroswser.example" name="test1" time="0.012"/>
</testsuite> <!-- TestNG_MultiBroswser.example -->
