<?xml version="1.0" encoding="UTF-8"?>
<!-- Generated by org.testng.reporters.JUnitReportReporter -->
<testsuite hostname="RGDevice" failures="0" tests="1" name="demo_practice.TestNG_sample_program" time="1.858" errors="0" timestamp="2023-10-01T12:06:14 IST" skipped="0">
  <testcase classname="demo_practice.TestNG_sample_program" name="Actual_test" time="1.858"/>
</testsuite> <!-- demo_practice.TestNG_sample_program -->
