<?xml version="1.0" encoding="UTF-8"?>
<!-- Generated by org.testng.reporters.JUnitReportReporter -->
<testsuite hostname="RGDevice" failures="0" tests="3" name="PriorityExample.demo" time="0.022" errors="0" timestamp="2023-10-22T17:26:31 IST" skipped="0">
  <testcase classname="PriorityExample.demo" name="test3" time="0.018"/>
  <testcase classname="PriorityExample.demo" name="test1" time="0.002"/>
  <testcase classname="PriorityExample.demo" name="test2" time="0.002"/>
</testsuite> <!-- PriorityExample.demo -->
